<?xml version="1.0" encoding="UTF-8"?>
<testsuites>
    <testsuite name="entering-contestant-tickets-and-running-raffle-on-e-raffle-app;navigating-to-ticket-submission-page" tests="3" failures="0" skipped="0">
        <properties>
            <property name="URI" value="/Users/shishirmadari/Documents/Personal/technical/e-raffle/test/features/e-raffle.feature">
            </property>
        </properties>
        <testcase name="Given I am on the E-Raffle app" classname="entering-contestant-tickets-and-running-raffle-on-e-raffle-app;navigating-to-ticket-submission-page" time="1.797691642">
        </testcase>
        <testcase name="When I click on &quot;submit tickets&quot;" classname="entering-contestant-tickets-and-running-raffle-on-e-raffle-app;navigating-to-ticket-submission-page" time="0.146871559">
        </testcase>
        <testcase name="Then I should see the page updated to &quot;Ticket Submission&quot;" classname="entering-contestant-tickets-and-running-raffle-on-e-raffle-app;navigating-to-ticket-submission-page" time="0.039391557">
        </testcase>
    </testsuite>
    <testsuite name="entering-contestant-tickets-and-running-raffle-on-e-raffle-app;submitting-contestant-tickets-successfully" tests="7" failures="0" skipped="0">
        <properties>
            <property name="URI" value="/Users/shishirmadari/Documents/Personal/technical/e-raffle/test/features/e-raffle.feature">
            </property>
        </properties>
        <testcase name="Given I am on the E-Raffle app" classname="entering-contestant-tickets-and-running-raffle-on-e-raffle-app;submitting-contestant-tickets-successfully" time="1.638816541">
        </testcase>
        <testcase name="When I click on &quot;submit tickets&quot;" classname="entering-contestant-tickets-and-running-raffle-on-e-raffle-app;submitting-contestant-tickets-successfully" time="0.178599024">
        </testcase>
        <testcase name="And Navigate to &quot;Ticket Submission&quot;" classname="entering-contestant-tickets-and-running-raffle-on-e-raffle-app;submitting-contestant-tickets-successfully" time="0.034149986">
        </testcase>
        <testcase name="And I enter name &quot;Shishir&quot;" classname="entering-contestant-tickets-and-running-raffle-on-e-raffle-app;submitting-contestant-tickets-successfully" time="0.000858752">
        </testcase>
        <testcase name="And I enter tickets &quot;10&quot;" classname="entering-contestant-tickets-and-running-raffle-on-e-raffle-app;submitting-contestant-tickets-successfully" time="0.00072275">
        </testcase>
        <testcase name="And I click on &quot;submit&quot;" classname="entering-contestant-tickets-and-running-raffle-on-e-raffle-app;submitting-contestant-tickets-successfully" time="0.585466694">
        </testcase>
        <testcase name="Then I should see an alert saying &quot;Entry made!&quot;" classname="entering-contestant-tickets-and-running-raffle-on-e-raffle-app;submitting-contestant-tickets-successfully" time="0.000295347">
        </testcase>
    </testsuite>
    <testsuite name="entering-contestant-tickets-and-running-raffle-on-e-raffle-app;submitting-tickets-but-no-participant" tests="6" failures="0" skipped="0">
        <properties>
            <property name="URI" value="/Users/shishirmadari/Documents/Personal/technical/e-raffle/test/features/e-raffle.feature">
            </property>
        </properties>
        <testcase name="Given I am on the E-Raffle app" classname="entering-contestant-tickets-and-running-raffle-on-e-raffle-app;submitting-tickets-but-no-participant" time="1.803491848">
        </testcase>
        <testcase name="When I click on &quot;submit tickets&quot;" classname="entering-contestant-tickets-and-running-raffle-on-e-raffle-app;submitting-tickets-but-no-participant" time="0.16263416">
        </testcase>
        <testcase name="And Navigate to &quot;Ticket Submission&quot;" classname="entering-contestant-tickets-and-running-raffle-on-e-raffle-app;submitting-tickets-but-no-participant" time="0.04360212">
        </testcase>
        <testcase name="And I enter tickets &quot;10&quot;" classname="entering-contestant-tickets-and-running-raffle-on-e-raffle-app;submitting-tickets-but-no-participant" time="0.000718428">
        </testcase>
        <testcase name="And I click on &quot;submit&quot;" classname="entering-contestant-tickets-and-running-raffle-on-e-raffle-app;submitting-tickets-but-no-participant" time="0.321570738">
        </testcase>
        <testcase name="Then I should see an alert saying &quot;Please enter a name and number of tickets&quot;" classname="entering-contestant-tickets-and-running-raffle-on-e-raffle-app;submitting-tickets-but-no-participant" time="0.000099682">
        </testcase>
    </testsuite>
</testsuites>